{"C:\\Users\\annam\\plataforma-pedidos\\services\\catalog\\src\\app.ts": {"path":"C:\\Users\\annam\\plataforma-pedidos\\services\\catalog\\src\\app.ts","statementMap":{"0":{"start":{"line":1,"column":0},"end":{"line":1,"column":30}},"1":{"start":{"line":2,"column":0},"end":{"line":2,"column":43}},"2":{"start":{"line":3,"column":0},"end":{"line":3,"column":41}},"3":{"start":{"line":4,"column":0},"end":{"line":4,"column":55}},"4":{"start":{"line":6,"column":12},"end":{"line":6,"column":21}},"5":{"start":{"line":7,"column":0},"end":{"line":7,"column":24}},"6":{"start":{"line":9,"column":23},"end":{"line":20,"column":2}},"7":{"start":{"line":22,"column":20},"end":{"line":22,"column":48}},"8":{"start":{"line":23,"column":0},"end":{"line":23,"column":68}},"9":{"start":{"line":25,"column":0},"end":{"line":25,"column":43}},"10":{"start":{"line":27,"column":0},"end":{"line":29,"column":3}},"11":{"start":{"line":28,"column":2},"end":{"line":28,"column":61}},"12":{"start":{"line":31,"column":0},"end":{"line":38,"column":3}},"13":{"start":{"line":32,"column":2},"end":{"line":37,"column":5}},"14":{"start":{"line":40,"column":0},"end":{"line":40,"column":19}}},"fnMap":{"0":{"name":"(anonymous_1)","decl":{"start":{"line":27,"column":19},"end":{"line":27,"column":20}},"loc":{"start":{"line":27,"column":32},"end":{"line":29,"column":1}}},"1":{"name":"(anonymous_2)","decl":{"start":{"line":31,"column":8},"end":{"line":31,"column":9}},"loc":{"start":{"line":31,"column":96},"end":{"line":38,"column":1}}}},"branchMap":{},"s":{"0":1,"1":1,"2":1,"3":1,"4":1,"5":1,"6":1,"7":1,"8":1,"9":1,"10":1,"11":1,"12":1,"13":0,"14":1},"f":{"0":1,"1":0},"b":{}}
,"C:\\Users\\annam\\plataforma-pedidos\\services\\catalog\\src\\server.ts": {"path":"C:\\Users\\annam\\plataforma-pedidos\\services\\catalog\\src\\server.ts","statementMap":{"0":{"start":{"line":1,"column":0},"end":{"line":1,"column":24}},"1":{"start":{"line":3,"column":13},"end":{"line":3,"column":17}},"2":{"start":{"line":4,"column":0},"end":{"line":7,"column":3}},"3":{"start":{"line":5,"column":2},"end":{"line":5,"column":60}},"4":{"start":{"line":6,"column":2},"end":{"line":6,"column":76}}},"fnMap":{"0":{"name":"(anonymous_1)","decl":{"start":{"line":4,"column":17},"end":{"line":4,"column":20}},"loc":{"start":{"line":4,"column":22},"end":{"line":7,"column":1}}}},"branchMap":{},"s":{"0":0,"1":0,"2":0,"3":0,"4":0},"f":{"0":0},"b":{}}
,"C:\\Users\\annam\\plataforma-pedidos\\services\\catalog\\src\\api\\ProdutoController.ts": {"path":"C:\\Users\\annam\\plataforma-pedidos\\services\\catalog\\src\\api\\ProdutoController.ts","statementMap":{"0":{"start":{"line":2,"column":0},"end":{"line":2,"column":44}},"1":{"start":{"line":4,"column":28},"end":{"line":7,"column":2}},"2":{"start":{"line":12,"column":4},"end":{"line":12,"column":35}},"3":{"start":{"line":16,"column":20},"end":{"line":16,"column":67}},"4":{"start":{"line":16,"column":39},"end":{"line":16,"column":66}},"5":{"start":{"line":17,"column":4},"end":{"line":25,"column":5}},"6":{"start":{"line":18,"column":6},"end":{"line":23,"column":9}},"7":{"start":{"line":24,"column":6},"end":{"line":24,"column":13}},"8":{"start":{"line":26,"column":4},"end":{"line":26,"column":34}},"9":{"start":{"line":30,"column":58},"end":{"line":30,"column":66}},"10":{"start":{"line":31,"column":4},"end":{"line":39,"column":5}},"11":{"start":{"line":32,"column":6},"end":{"line":37,"column":9}},"12":{"start":{"line":38,"column":6},"end":{"line":38,"column":13}},"13":{"start":{"line":40,"column":15},"end":{"line":40,"column":42}},"14":{"start":{"line":41,"column":24},"end":{"line":41,"column":82}},"15":{"start":{"line":42,"column":4},"end":{"line":42,"column":31}},"16":{"start":{"line":43,"column":4},"end":{"line":43,"column":38}},"17":{"start":{"line":47,"column":20},"end":{"line":47,"column":67}},"18":{"start":{"line":47,"column":39},"end":{"line":47,"column":66}},"19":{"start":{"line":48,"column":4},"end":{"line":56,"column":5}},"20":{"start":{"line":49,"column":6},"end":{"line":54,"column":9}},"21":{"start":{"line":55,"column":6},"end":{"line":55,"column":13}},"22":{"start":{"line":57,"column":22},"end":{"line":57,"column":30}},"23":{"start":{"line":58,"column":4},"end":{"line":58,"column":45}},"24":{"start":{"line":58,"column":15},"end":{"line":58,"column":45}},"25":{"start":{"line":59,"column":4},"end":{"line":59,"column":34}},"26":{"start":{"line":63,"column":18},"end":{"line":63,"column":70}},"27":{"start":{"line":63,"column":42},"end":{"line":63,"column":69}},"28":{"start":{"line":64,"column":4},"end":{"line":72,"column":5}},"29":{"start":{"line":65,"column":6},"end":{"line":70,"column":9}},"30":{"start":{"line":71,"column":6},"end":{"line":71,"column":13}},"31":{"start":{"line":73,"column":4},"end":{"line":73,"column":30}},"32":{"start":{"line":74,"column":4},"end":{"line":74,"column":27}},"33":{"start":{"line":9,"column":0},"end":{"line":9,"column":13}}},"fnMap":{"0":{"name":"(anonymous_0)","decl":{"start":{"line":11,"column":2},"end":{"line":11,"column":13}},"loc":{"start":{"line":11,"column":41},"end":{"line":13,"column":3}}},"1":{"name":"(anonymous_1)","decl":{"start":{"line":15,"column":2},"end":{"line":15,"column":13}},"loc":{"start":{"line":15,"column":41},"end":{"line":27,"column":3}}},"2":{"name":"(anonymous_2)","decl":{"start":{"line":16,"column":34},"end":{"line":16,"column":35}},"loc":{"start":{"line":16,"column":39},"end":{"line":16,"column":66}}},"3":{"name":"(anonymous_3)","decl":{"start":{"line":29,"column":2},"end":{"line":29,"column":7}},"loc":{"start":{"line":29,"column":35},"end":{"line":44,"column":3}}},"4":{"name":"(anonymous_4)","decl":{"start":{"line":46,"column":2},"end":{"line":46,"column":11}},"loc":{"start":{"line":46,"column":39},"end":{"line":60,"column":3}}},"5":{"name":"(anonymous_5)","decl":{"start":{"line":47,"column":34},"end":{"line":47,"column":35}},"loc":{"start":{"line":47,"column":39},"end":{"line":47,"column":66}}},"6":{"name":"(anonymous_6)","decl":{"start":{"line":62,"column":2},"end":{"line":62,"column":9}},"loc":{"start":{"line":62,"column":37},"end":{"line":75,"column":3}}},"7":{"name":"(anonymous_7)","decl":{"start":{"line":63,"column":37},"end":{"line":63,"column":38}},"loc":{"start":{"line":63,"column":42},"end":{"line":63,"column":69}}}},"branchMap":{"0":{"loc":{"start":{"line":17,"column":4},"end":{"line":25,"column":5}},"type":"if","locations":[{"start":{"line":17,"column":4},"end":{"line":25,"column":5}},{"start":{},"end":{}}]},"1":{"loc":{"start":{"line":31,"column":4},"end":{"line":39,"column":5}},"type":"if","locations":[{"start":{"line":31,"column":4},"end":{"line":39,"column":5}},{"start":{},"end":{}}]},"2":{"loc":{"start":{"line":31,"column":8},"end":{"line":31,"column":23}},"type":"binary-expr","locations":[{"start":{"line":31,"column":8},"end":{"line":31,"column":13}},{"start":{"line":31,"column":17},"end":{"line":31,"column":23}}]},"3":{"loc":{"start":{"line":48,"column":4},"end":{"line":56,"column":5}},"type":"if","locations":[{"start":{"line":48,"column":4},"end":{"line":56,"column":5}},{"start":{},"end":{}}]},"4":{"loc":{"start":{"line":58,"column":4},"end":{"line":58,"column":45}},"type":"if","locations":[{"start":{"line":58,"column":4},"end":{"line":58,"column":45}},{"start":{},"end":{}}]},"5":{"loc":{"start":{"line":64,"column":4},"end":{"line":72,"column":5}},"type":"if","locations":[{"start":{"line":64,"column":4},"end":{"line":72,"column":5}},{"start":{},"end":{}}]}},"s":{"0":1,"1":1,"2":1,"3":2,"4":3,"5":2,"6":1,"7":1,"8":1,"9":2,"10":2,"11":1,"12":1,"13":1,"14":1,"15":1,"16":1,"17":2,"18":4,"19":2,"20":1,"21":1,"22":1,"23":1,"24":1,"25":1,"26":2,"27":4,"28":2,"29":1,"30":1,"31":1,"32":1,"33":1},"f":{"0":1,"1":2,"2":3,"3":2,"4":2,"5":4,"6":2,"7":4},"b":{"0":[1,1],"1":[1,1],"2":[2,1],"3":[1,1],"4":[1,0],"5":[1,1]}}
,"C:\\Users\\annam\\plataforma-pedidos\\services\\catalog\\src\\api\\routes\\produtoRoutes.ts": {"path":"C:\\Users\\annam\\plataforma-pedidos\\services\\catalog\\src\\api\\routes\\produtoRoutes.ts","statementMap":{"0":{"start":{"line":1,"column":0},"end":{"line":1,"column":33}},"1":{"start":{"line":2,"column":0},"end":{"line":2,"column":57}},"2":{"start":{"line":4,"column":15},"end":{"line":4,"column":23}},"3":{"start":{"line":5,"column":19},"end":{"line":5,"column":42}},"4":{"start":{"line":17,"column":0},"end":{"line":17,"column":64}},"5":{"start":{"line":17,"column":30},"end":{"line":17,"column":62}},"6":{"start":{"line":37,"column":0},"end":{"line":37,"column":67}},"7":{"start":{"line":37,"column":33},"end":{"line":37,"column":65}},"8":{"start":{"line":69,"column":0},"end":{"line":69,"column":59}},"9":{"start":{"line":69,"column":31},"end":{"line":69,"column":57}},"10":{"start":{"line":98,"column":0},"end":{"line":98,"column":65}},"11":{"start":{"line":98,"column":33},"end":{"line":98,"column":63}},"12":{"start":{"line":118,"column":0},"end":{"line":118,"column":66}},"13":{"start":{"line":118,"column":36},"end":{"line":118,"column":64}},"14":{"start":{"line":120,"column":0},"end":{"line":120,"column":22}}},"fnMap":{"0":{"name":"(anonymous_0)","decl":{"start":{"line":17,"column":16},"end":{"line":17,"column":17}},"loc":{"start":{"line":17,"column":30},"end":{"line":17,"column":62}}},"1":{"name":"(anonymous_1)","decl":{"start":{"line":37,"column":19},"end":{"line":37,"column":20}},"loc":{"start":{"line":37,"column":33},"end":{"line":37,"column":65}}},"2":{"name":"(anonymous_2)","decl":{"start":{"line":69,"column":17},"end":{"line":69,"column":18}},"loc":{"start":{"line":69,"column":31},"end":{"line":69,"column":57}}},"3":{"name":"(anonymous_3)","decl":{"start":{"line":98,"column":19},"end":{"line":98,"column":20}},"loc":{"start":{"line":98,"column":33},"end":{"line":98,"column":63}}},"4":{"name":"(anonymous_4)","decl":{"start":{"line":118,"column":22},"end":{"line":118,"column":23}},"loc":{"start":{"line":118,"column":36},"end":{"line":118,"column":64}}}},"branchMap":{},"s":{"0":1,"1":1,"2":1,"3":1,"4":1,"5":1,"6":1,"7":2,"8":1,"9":2,"10":1,"11":2,"12":1,"13":2,"14":1},"f":{"0":1,"1":2,"2":2,"3":2,"4":2},"b":{}}
,"C:\\Users\\annam\\plataforma-pedidos\\services\\catalog\\src\\application\\use-cases\\CriarProduto.ts": {"path":"C:\\Users\\annam\\plataforma-pedidos\\services\\catalog\\src\\application\\use-cases\\CriarProduto.ts","statementMap":{"0":{"start":{"line":3,"column":0},"end":{"line":3,"column":47}},"1":{"start":{"line":15,"column":31},"end":{"line":15,"column":68}},"2":{"start":{"line":18,"column":20},"end":{"line":23,"column":null}},"3":{"start":{"line":26,"column":4},"end":{"line":26,"column":49}},"4":{"start":{"line":14,"column":0},"end":{"line":14,"column":13}}},"fnMap":{"0":{"name":"(anonymous_0)","decl":{"start":{"line":15,"column":2},"end":{"line":15,"column":31}},"loc":{"start":{"line":15,"column":68},"end":{"line":15,"column":72}}},"1":{"name":"(anonymous_1)","decl":{"start":{"line":17,"column":2},"end":{"line":17,"column":7}},"loc":{"start":{"line":17,"column":41},"end":{"line":27,"column":3}}}},"branchMap":{},"s":{"0":1,"1":3,"2":3,"3":1,"4":1},"f":{"0":3,"1":3},"b":{}}
,"C:\\Users\\annam\\plataforma-pedidos\\services\\catalog\\src\\domain\\Categoria.ts": {"path":"C:\\Users\\annam\\plataforma-pedidos\\services\\catalog\\src\\domain\\Categoria.ts","statementMap":{"0":{"start":{"line":9,"column":4},"end":{"line":11,"column":5}},"1":{"start":{"line":10,"column":6},"end":{"line":10,"column":62}},"2":{"start":{"line":12,"column":4},"end":{"line":12,"column":17}},"3":{"start":{"line":13,"column":4},"end":{"line":13,"column":21}},"4":{"start":{"line":16,"column":20},"end":{"line":16,"column":35}},"5":{"start":{"line":17,"column":22},"end":{"line":17,"column":39}},"6":{"start":{"line":20,"column":4},"end":{"line":22,"column":5}},"7":{"start":{"line":21,"column":6},"end":{"line":21,"column":62}},"8":{"start":{"line":23,"column":4},"end":{"line":23,"column":25}},"9":{"start":{"line":4,"column":0},"end":{"line":4,"column":13}}},"fnMap":{"0":{"name":"(anonymous_0)","decl":{"start":{"line":8,"column":2},"end":{"line":8,"column":14}},"loc":{"start":{"line":8,"column":38},"end":{"line":14,"column":3}}},"1":{"name":"(anonymous_1)","decl":{"start":{"line":16,"column":2},"end":{"line":16,"column":7}},"loc":{"start":{"line":16,"column":7},"end":{"line":16,"column":37}}},"2":{"name":"(anonymous_2)","decl":{"start":{"line":17,"column":2},"end":{"line":17,"column":9}},"loc":{"start":{"line":17,"column":9},"end":{"line":17,"column":41}}},"3":{"name":"(anonymous_3)","decl":{"start":{"line":19,"column":2},"end":{"line":19,"column":15}},"loc":{"start":{"line":19,"column":32},"end":{"line":24,"column":3}}}},"branchMap":{"0":{"loc":{"start":{"line":9,"column":4},"end":{"line":11,"column":5}},"type":"if","locations":[{"start":{"line":9,"column":4},"end":{"line":11,"column":5}},{"start":{},"end":{}}]},"1":{"loc":{"start":{"line":9,"column":8},"end":{"line":9,"column":35}},"type":"binary-expr","locations":[{"start":{"line":9,"column":8},"end":{"line":9,"column":13}},{"start":{"line":9,"column":17},"end":{"line":9,"column":35}}]},"2":{"loc":{"start":{"line":20,"column":4},"end":{"line":22,"column":5}},"type":"if","locations":[{"start":{"line":20,"column":4},"end":{"line":22,"column":5}},{"start":{},"end":{}}]},"3":{"loc":{"start":{"line":20,"column":8},"end":{"line":20,"column":43}},"type":"binary-expr","locations":[{"start":{"line":20,"column":8},"end":{"line":20,"column":17}},{"start":{"line":20,"column":21},"end":{"line":20,"column":43}}]}},"s":{"0":0,"1":0,"2":0,"3":0,"4":0,"5":0,"6":0,"7":0,"8":0,"9":0},"f":{"0":0,"1":0,"2":0,"3":0},"b":{"0":[0,0],"1":[0,0],"2":[0,0],"3":[0,0]}}
,"C:\\Users\\annam\\plataforma-pedidos\\services\\catalog\\src\\domain\\Dinheiro.ts": {"path":"C:\\Users\\annam\\plataforma-pedidos\\services\\catalog\\src\\domain\\Dinheiro.ts","statementMap":{"0":{"start":{"line":9,"column":4},"end":{"line":9,"column":66}},"1":{"start":{"line":9,"column":19},"end":{"line":9,"column":66}},"2":{"start":{"line":10,"column":4},"end":{"line":10,"column":73}},"3":{"start":{"line":10,"column":39},"end":{"line":10,"column":73}},"4":{"start":{"line":12,"column":4},"end":{"line":12,"column":23}},"5":{"start":{"line":13,"column":4},"end":{"line":13,"column":23}},"6":{"start":{"line":16,"column":23},"end":{"line":16,"column":41}},"7":{"start":{"line":17,"column":23},"end":{"line":17,"column":41}},"8":{"start":{"line":20,"column":4},"end":{"line":20,"column":68}},"9":{"start":{"line":24,"column":4},"end":{"line":26,"column":5}},"10":{"start":{"line":25,"column":6},"end":{"line":25,"column":64}},"11":{"start":{"line":27,"column":4},"end":{"line":27,"column":62}},"12":{"start":{"line":4,"column":0},"end":{"line":4,"column":13}}},"fnMap":{"0":{"name":"(anonymous_0)","decl":{"start":{"line":8,"column":2},"end":{"line":8,"column":14}},"loc":{"start":{"line":8,"column":42},"end":{"line":14,"column":3}}},"1":{"name":"(anonymous_1)","decl":{"start":{"line":16,"column":2},"end":{"line":16,"column":10}},"loc":{"start":{"line":16,"column":10},"end":{"line":16,"column":43}}},"2":{"name":"(anonymous_2)","decl":{"start":{"line":17,"column":2},"end":{"line":17,"column":10}},"loc":{"start":{"line":17,"column":10},"end":{"line":17,"column":43}}},"3":{"name":"(anonymous_3)","decl":{"start":{"line":19,"column":2},"end":{"line":19,"column":8}},"loc":{"start":{"line":19,"column":24},"end":{"line":21,"column":3}}},"4":{"name":"(anonymous_4)","decl":{"start":{"line":23,"column":2},"end":{"line":23,"column":7}},"loc":{"start":{"line":23,"column":23},"end":{"line":28,"column":3}}}},"branchMap":{"0":{"loc":{"start":{"line":9,"column":4},"end":{"line":9,"column":66}},"type":"if","locations":[{"start":{"line":9,"column":4},"end":{"line":9,"column":66}},{"start":{},"end":{}}]},"1":{"loc":{"start":{"line":10,"column":4},"end":{"line":10,"column":73}},"type":"if","locations":[{"start":{"line":10,"column":4},"end":{"line":10,"column":73}},{"start":{},"end":{}}]},"2":{"loc":{"start":{"line":10,"column":8},"end":{"line":10,"column":37}},"type":"binary-expr","locations":[{"start":{"line":10,"column":8},"end":{"line":10,"column":14}},{"start":{"line":10,"column":18},"end":{"line":10,"column":37}}]},"3":{"loc":{"start":{"line":20,"column":11},"end":{"line":20,"column":67}},"type":"binary-expr","locations":[{"start":{"line":20,"column":11},"end":{"line":20,"column":37}},{"start":{"line":20,"column":41},"end":{"line":20,"column":67}}]},"4":{"loc":{"start":{"line":24,"column":4},"end":{"line":26,"column":5}},"type":"if","locations":[{"start":{"line":24,"column":4},"end":{"line":26,"column":5}},{"start":{},"end":{}}]}},"s":{"0":0,"1":0,"2":0,"3":0,"4":0,"5":0,"6":0,"7":0,"8":0,"9":0,"10":0,"11":0,"12":0},"f":{"0":0,"1":0,"2":0,"3":0,"4":0},"b":{"0":[0,0],"1":[0,0],"2":[0,0],"3":[0,0],"4":[0,0]}}
,"C:\\Users\\annam\\plataforma-pedidos\\services\\catalog\\src\\domain\\Produto.ts": {"path":"C:\\Users\\annam\\plataforma-pedidos\\services\\catalog\\src\\domain\\Produto.ts","statementMap":{"0":{"start":{"line":18,"column":4},"end":{"line":18,"column":66}},"1":{"start":{"line":18,"column":19},"end":{"line":18,"column":66}},"2":{"start":{"line":19,"column":4},"end":{"line":19,"column":80}},"3":{"start":{"line":19,"column":31},"end":{"line":19,"column":80}},"4":{"start":{"line":21,"column":4},"end":{"line":21,"column":17}},"5":{"start":{"line":22,"column":4},"end":{"line":22,"column":21}},"6":{"start":{"line":23,"column":4},"end":{"line":23,"column":31}},"7":{"start":{"line":24,"column":4},"end":{"line":24,"column":23}},"8":{"start":{"line":25,"column":4},"end":{"line":25,"column":47}},"9":{"start":{"line":28,"column":20},"end":{"line":28,"column":35}},"10":{"start":{"line":29,"column":22},"end":{"line":29,"column":39}},"11":{"start":{"line":30,"column":27},"end":{"line":30,"column":49}},"12":{"start":{"line":31,"column":23},"end":{"line":31,"column":41}},"13":{"start":{"line":32,"column":35},"end":{"line":32,"column":65}},"14":{"start":{"line":35,"column":4},"end":{"line":35,"column":70}},"15":{"start":{"line":35,"column":23},"end":{"line":35,"column":70}},"16":{"start":{"line":36,"column":4},"end":{"line":36,"column":27}},"17":{"start":{"line":40,"column":4},"end":{"line":42,"column":5}},"18":{"start":{"line":41,"column":6},"end":{"line":41,"column":46}},"19":{"start":{"line":43,"column":4},"end":{"line":43,"column":41}},"20":{"start":{"line":4,"column":0},"end":{"line":4,"column":13}}},"fnMap":{"0":{"name":"(anonymous_0)","decl":{"start":{"line":11,"column":2},"end":{"line":11,"column":null}},"loc":{"start":{"line":16,"column":29},"end":{"line":26,"column":3}}},"1":{"name":"(anonymous_1)","decl":{"start":{"line":28,"column":2},"end":{"line":28,"column":7}},"loc":{"start":{"line":28,"column":7},"end":{"line":28,"column":37}}},"2":{"name":"(anonymous_2)","decl":{"start":{"line":29,"column":2},"end":{"line":29,"column":9}},"loc":{"start":{"line":29,"column":9},"end":{"line":29,"column":41}}},"3":{"name":"(anonymous_3)","decl":{"start":{"line":30,"column":2},"end":{"line":30,"column":14}},"loc":{"start":{"line":30,"column":14},"end":{"line":30,"column":51}}},"4":{"name":"(anonymous_4)","decl":{"start":{"line":31,"column":2},"end":{"line":31,"column":10}},"loc":{"start":{"line":31,"column":10},"end":{"line":31,"column":43}}},"5":{"name":"(anonymous_5)","decl":{"start":{"line":32,"column":2},"end":{"line":32,"column":22}},"loc":{"start":{"line":32,"column":22},"end":{"line":32,"column":67}}},"6":{"name":"(anonymous_6)","decl":{"start":{"line":34,"column":2},"end":{"line":34,"column":16}},"loc":{"start":{"line":34,"column":34},"end":{"line":37,"column":3}}},"7":{"name":"(anonymous_7)","decl":{"start":{"line":39,"column":2},"end":{"line":39,"column":16}},"loc":{"start":{"line":39,"column":35},"end":{"line":44,"column":3}}}},"branchMap":{"0":{"loc":{"start":{"line":18,"column":4},"end":{"line":18,"column":66}},"type":"if","locations":[{"start":{"line":18,"column":4},"end":{"line":18,"column":66}},{"start":{},"end":{}}]},"1":{"loc":{"start":{"line":19,"column":4},"end":{"line":19,"column":80}},"type":"if","locations":[{"start":{"line":19,"column":4},"end":{"line":19,"column":80}},{"start":{},"end":{}}]},"2":{"loc":{"start":{"line":35,"column":4},"end":{"line":35,"column":70}},"type":"if","locations":[{"start":{"line":35,"column":4},"end":{"line":35,"column":70}},{"start":{},"end":{}}]},"3":{"loc":{"start":{"line":40,"column":4},"end":{"line":42,"column":5}},"type":"if","locations":[{"start":{"line":40,"column":4},"end":{"line":42,"column":5}},{"start":{},"end":{}}]}},"s":{"0":13,"1":2,"2":11,"3":2,"4":9,"5":9,"6":9,"7":9,"8":9,"9":12,"10":1,"11":1,"12":2,"13":2,"14":3,"15":1,"16":2,"17":2,"18":1,"19":1,"20":3},"f":{"0":13,"1":12,"2":1,"3":1,"4":2,"5":2,"6":3,"7":2},"b":{"0":[2,11],"1":[2,9],"2":[1,2],"3":[1,1]}}
}
