TN:
SF:src\app.ts
FN:27,(anonymous_1)
FN:31,(anonymous_2)
FNF:2
FNH:1
FNDA:1,(anonymous_1)
FNDA:0,(anonymous_2)
DA:1,1
DA:2,1
DA:3,1
DA:4,1
DA:6,1
DA:7,1
DA:9,1
DA:22,1
DA:23,1
DA:25,1
DA:27,1
DA:28,1
DA:31,1
DA:32,0
DA:40,1
LF:15
LH:14
BRF:0
BRH:0
end_of_record
TN:
SF:src\server.ts
FN:4,(anonymous_1)
FNF:1
FNH:0
FNDA:0,(anonymous_1)
DA:1,0
DA:3,0
DA:4,0
DA:5,0
DA:6,0
LF:5
LH:0
BRF:0
BRH:0
end_of_record
TN:
SF:src\api\ProdutoController.ts
FN:11,(anonymous_0)
FN:15,(anonymous_1)
FN:16,(anonymous_2)
FN:29,(anonymous_3)
FN:46,(anonymous_4)
FN:47,(anonymous_5)
FN:62,(anonymous_6)
FN:63,(anonymous_7)
FNF:8
FNH:8
FNDA:1,(anonymous_0)
FNDA:2,(anonymous_1)
FNDA:3,(anonymous_2)
FNDA:2,(anonymous_3)
FNDA:2,(anonymous_4)
FNDA:4,(anonymous_5)
FNDA:2,(anonymous_6)
FNDA:4,(anonymous_7)
DA:2,1
DA:4,1
DA:9,1
DA:12,1
DA:16,3
DA:17,2
DA:18,1
DA:24,1
DA:26,1
DA:30,2
DA:31,2
DA:32,1
DA:38,1
DA:40,1
DA:41,1
DA:42,1
DA:43,1
DA:47,4
DA:48,2
DA:49,1
DA:55,1
DA:57,1
DA:58,1
DA:59,1
DA:63,4
DA:64,2
DA:65,1
DA:71,1
DA:73,1
DA:74,1
LF:30
LH:30
BRDA:17,0,0,1
BRDA:17,0,1,1
BRDA:31,1,0,1
BRDA:31,1,1,1
BRDA:31,2,0,2
BRDA:31,2,1,1
BRDA:48,3,0,1
BRDA:48,3,1,1
BRDA:58,4,0,1
BRDA:58,4,1,0
BRDA:64,5,0,1
BRDA:64,5,1,1
BRF:12
BRH:11
end_of_record
TN:
SF:src\api\routes\produtoRoutes.ts
FN:17,(anonymous_0)
FN:37,(anonymous_1)
FN:69,(anonymous_2)
FN:98,(anonymous_3)
FN:118,(anonymous_4)
FNF:5
FNH:5
FNDA:1,(anonymous_0)
FNDA:2,(anonymous_1)
FNDA:2,(anonymous_2)
FNDA:2,(anonymous_3)
FNDA:2,(anonymous_4)
DA:1,1
DA:2,1
DA:4,1
DA:5,1
DA:17,1
DA:37,2
DA:69,2
DA:98,2
DA:118,2
DA:120,1
LF:10
LH:10
BRF:0
BRH:0
end_of_record
TN:
SF:src\application\use-cases\CriarProduto.ts
FN:15,(anonymous_0)
FN:17,(anonymous_1)
FNF:2
FNH:2
FNDA:3,(anonymous_0)
FNDA:3,(anonymous_1)
DA:3,1
DA:14,1
DA:15,3
DA:18,3
DA:26,1
LF:5
LH:5
BRF:0
BRH:0
end_of_record
TN:
SF:src\domain\Categoria.ts
FN:8,(anonymous_0)
FN:16,(anonymous_1)
FN:17,(anonymous_2)
FN:19,(anonymous_3)
FNF:4
FNH:0
FNDA:0,(anonymous_0)
FNDA:0,(anonymous_1)
FNDA:0,(anonymous_2)
FNDA:0,(anonymous_3)
DA:4,0
DA:9,0
DA:10,0
DA:12,0
DA:13,0
DA:16,0
DA:17,0
DA:20,0
DA:21,0
DA:23,0
LF:10
LH:0
BRDA:9,0,0,0
BRDA:9,0,1,0
BRDA:9,1,0,0
BRDA:9,1,1,0
BRDA:20,2,0,0
BRDA:20,2,1,0
BRDA:20,3,0,0
BRDA:20,3,1,0
BRF:8
BRH:0
end_of_record
TN:
SF:src\domain\Dinheiro.ts
FN:8,(anonymous_0)
FN:16,(anonymous_1)
FN:17,(anonymous_2)
FN:19,(anonymous_3)
FN:23,(anonymous_4)
FNF:5
FNH:0
FNDA:0,(anonymous_0)
FNDA:0,(anonymous_1)
FNDA:0,(anonymous_2)
FNDA:0,(anonymous_3)
FNDA:0,(anonymous_4)
DA:4,0
DA:9,0
DA:10,0
DA:12,0
DA:13,0
DA:16,0
DA:17,0
DA:20,0
DA:24,0
DA:25,0
DA:27,0
LF:11
LH:0
BRDA:9,0,0,0
BRDA:9,0,1,0
BRDA:10,1,0,0
BRDA:10,1,1,0
BRDA:10,2,0,0
BRDA:10,2,1,0
BRDA:20,3,0,0
BRDA:20,3,1,0
BRDA:24,4,0,0
BRDA:24,4,1,0
BRF:10
BRH:0
end_of_record
TN:
SF:src\domain\Produto.ts
FN:11,(anonymous_0)
FN:28,(anonymous_1)
FN:29,(anonymous_2)
FN:30,(anonymous_3)
FN:31,(anonymous_4)
FN:32,(anonymous_5)
FN:34,(anonymous_6)
FN:39,(anonymous_7)
FNF:8
FNH:8
FNDA:13,(anonymous_0)
FNDA:12,(anonymous_1)
FNDA:1,(anonymous_2)
FNDA:1,(anonymous_3)
FNDA:2,(anonymous_4)
FNDA:2,(anonymous_5)
FNDA:3,(anonymous_6)
FNDA:2,(anonymous_7)
DA:4,3
DA:18,13
DA:19,11
DA:21,9
DA:22,9
DA:23,9
DA:24,9
DA:25,9
DA:28,12
DA:29,1
DA:30,1
DA:31,2
DA:32,2
DA:35,3
DA:36,2
DA:40,2
DA:41,1
DA:43,1
LF:18
LH:18
BRDA:18,0,0,2
BRDA:18,0,1,11
BRDA:19,1,0,2
BRDA:19,1,1,9
BRDA:35,2,0,1
BRDA:35,2,1,2
BRDA:40,3,0,1
BRDA:40,3,1,1
BRF:8
BRH:8
end_of_record
